<?xml version="1.0" encoding="UTF-8"?>
<!-- Generated by org.testng.reporters.JUnitXMLReporter -->
<testsuite hostname="Palaks-Air" failures="0" tests="10" name="Default test" time="86.204" errors="0" timestamp="7 Oct 2020 22:31:06 GMT">
  <testcase classname="centrepoint.flow.AppFlowTest" name="selectCountry" time="12.123"/>
  <testcase classname="centrepoint.flow.AppFlowTest" name="startShopping" time="1.657"/>
  <testcase classname="centrepoint.flow.AppFlowTest" name="homePage" time="1.465"/>
  <testcase classname="centrepoint.flow.AppFlowTest" name="clickDepartment" time="9.953"/>
  <testcase classname="centrepoint.flow.AppFlowTest" name="clickMenuOption" time="2.944"/>
  <testcase classname="centrepoint.flow.AppFlowTest" name="selectHomeFurniture" time="6.322"/>
  <testcase classname="centrepoint.flow.AppFlowTest" name="itemInfoList" time="5.881"/>
  <testcase classname="centrepoint.flow.AppFlowTest" name="selectedItem" time="18.587"/>
  <testcase classname="centrepoint.flow.AppFlowTest" name="checkoutItems" time="7.656"/>
  <testcase classname="centrepoint.flow.AppFlowTest" name="goBackToShopping" time="8.745"/>
</testsuite> <!-- Default test -->
