<?xml version="1.0" encoding="UTF-8"?>
<!-- Generated by org.testng.reporters.JUnitXMLReporter -->
<testsuite hostname="Palaks-Air" failures="0" tests="10" name="Test" time="91.174" errors="0" timestamp="7 Oct 2020 22:08:54 GMT">
  <testcase classname="centrepoint.flow.AppFlowTest" name="selectCountry" time="6.267"/>
  <testcase classname="centrepoint.flow.AppFlowTest" name="startShopping" time="1.986"/>
  <testcase classname="centrepoint.flow.AppFlowTest" name="homePage" time="1.233"/>
  <testcase classname="centrepoint.flow.AppFlowTest" name="clickDepartment" time="14.028"/>
  <testcase classname="centrepoint.flow.AppFlowTest" name="clickMenuOption" time="2.984"/>
  <testcase classname="centrepoint.flow.AppFlowTest" name="selectHomeFurniture" time="3.73"/>
  <testcase classname="centrepoint.flow.AppFlowTest" name="itemInfoList" time="5.434"/>
  <testcase classname="centrepoint.flow.AppFlowTest" name="selectedItem" time="15.925"/>
  <testcase classname="centrepoint.flow.AppFlowTest" name="checkoutItems" time="5.944"/>
  <testcase classname="centrepoint.flow.AppFlowTest" name="goBackToShopping" time="9.174"/>
</testsuite> <!-- Test -->
