<?xml version="1.0" encoding="UTF-8"?>
<testng-results total="10" passed="10" failed="0" skipped="0">
  <reporter-output>
    <line>
      <![CDATA[Application Launched Succesfully]]>
    </line>
    <line>
      <![CDATA[Selected Location Succesfully]]>
    </line>
    <line>
      <![CDATA[Clicked on Start on User guide Page]]>
    </line>
    <line>
      <![CDATA[Clicked on continue to view Home Page]]>
    </line>
    <line>
      <![CDATA[Clicked on Department Link Succesfully]]>
    </line>
    <line>
      <![CDATA[Clicked on Home and Living option from Menu Succesfully]]>
    </line>
    <line>
      <![CDATA[Clicked on Home Furniture option from Sub Menu Succesfully]]>
    </line>
    <line>
      <![CDATA[Logged Price and Title for the item and selected the item]]>
    </line>
    <line>
      <![CDATA[Verfied Price and Title for the item and proceed to checkout]]>
    </line>
    <line>
      <![CDATA[Added Quantity and clicked for checkout]]>
    </line>
    <line>
      <![CDATA[Closed checkout page and removed the item succesfully]]>
    </line>
    <line>
      <![CDATA[Clicked on Continue Shopping and redirected to Home Page succesfully]]>
    </line>
  </reporter-output>
  <suite started-at="2020-10-07T22:29:40Z" name="Default suite" finished-at="2020-10-07T22:31:06Z" duration-ms="86204">
    <groups>
    </groups>
    <test started-at="2020-10-07T22:29:40Z" name="Default test" finished-at="2020-10-07T22:31:06Z" duration-ms="86204">
      <class name="centrepoint.flow.AppFlowTest">
        <test-method is-config="true" signature="launchApplication()[pri:0, instance:centrepoint.flow.AppFlowTest@4e31276e]" started-at="2020-10-08T02:29:40Z" name="launchApplication" finished-at="2020-10-08T02:29:51Z" duration-ms="10840" status="PASS">
          <reporter-output>
            <line>
              <![CDATA[Application Launched Succesfully]]>
            </line>
          </reporter-output>
        </test-method> <!-- launchApplication -->
        <test-method signature="selectCountry()[pri:0, instance:centrepoint.flow.AppFlowTest@4e31276e]" started-at="2020-10-08T02:29:51Z" name="selectCountry" finished-at="2020-10-08T02:30:03Z" duration-ms="12123" status="PASS">
          <reporter-output>
            <line>
              <![CDATA[Selected Location Succesfully]]>
            </line>
          </reporter-output>
        </test-method> <!-- selectCountry -->
        <test-method signature="startShopping()[pri:1, instance:centrepoint.flow.AppFlowTest@4e31276e]" started-at="2020-10-08T02:30:03Z" name="startShopping" finished-at="2020-10-08T02:30:05Z" duration-ms="1657" status="PASS">
          <reporter-output>
            <line>
              <![CDATA[Clicked on Start on User guide Page]]>
            </line>
          </reporter-output>
        </test-method> <!-- startShopping -->
        <test-method signature="homePage()[pri:2, instance:centrepoint.flow.AppFlowTest@4e31276e]" started-at="2020-10-08T02:30:05Z" name="homePage" finished-at="2020-10-08T02:30:06Z" duration-ms="1465" status="PASS">
          <reporter-output>
            <line>
              <![CDATA[Clicked on continue to view Home Page]]>
            </line>
          </reporter-output>
        </test-method> <!-- homePage -->
        <test-method signature="clickDepartment()[pri:3, instance:centrepoint.flow.AppFlowTest@4e31276e]" started-at="2020-10-08T02:30:06Z" name="clickDepartment" finished-at="2020-10-08T02:30:16Z" duration-ms="9953" status="PASS">
          <reporter-output>
            <line>
              <![CDATA[Clicked on Department Link Succesfully]]>
            </line>
          </reporter-output>
        </test-method> <!-- clickDepartment -->
        <test-method signature="clickMenuOption()[pri:4, instance:centrepoint.flow.AppFlowTest@4e31276e]" started-at="2020-10-08T02:30:16Z" name="clickMenuOption" finished-at="2020-10-08T02:30:19Z" duration-ms="2944" status="PASS">
          <reporter-output>
            <line>
              <![CDATA[Clicked on Home and Living option from Menu Succesfully]]>
            </line>
          </reporter-output>
        </test-method> <!-- clickMenuOption -->
        <test-method signature="selectHomeFurniture()[pri:5, instance:centrepoint.flow.AppFlowTest@4e31276e]" started-at="2020-10-08T02:30:19Z" name="selectHomeFurniture" finished-at="2020-10-08T02:30:25Z" duration-ms="6322" status="PASS">
          <reporter-output>
            <line>
              <![CDATA[Clicked on Home Furniture option from Sub Menu Succesfully]]>
            </line>
          </reporter-output>
        </test-method> <!-- selectHomeFurniture -->
        <test-method signature="itemInfoList()[pri:6, instance:centrepoint.flow.AppFlowTest@4e31276e]" started-at="2020-10-08T02:30:25Z" name="itemInfoList" finished-at="2020-10-08T02:30:31Z" duration-ms="5881" status="PASS">
          <reporter-output>
            <line>
              <![CDATA[Logged Price and Title for the item and selected the item]]>
            </line>
          </reporter-output>
        </test-method> <!-- itemInfoList -->
        <test-method signature="selectedItem()[pri:7, instance:centrepoint.flow.AppFlowTest@4e31276e]" started-at="2020-10-08T02:30:31Z" name="selectedItem" finished-at="2020-10-08T02:30:50Z" duration-ms="18587" status="PASS">
          <reporter-output>
            <line>
              <![CDATA[Verfied Price and Title for the item and proceed to checkout]]>
            </line>
          </reporter-output>
        </test-method> <!-- selectedItem -->
        <test-method signature="checkoutItems()[pri:8, instance:centrepoint.flow.AppFlowTest@4e31276e]" started-at="2020-10-08T02:30:50Z" name="checkoutItems" finished-at="2020-10-08T02:30:57Z" duration-ms="7656" status="PASS">
          <reporter-output>
            <line>
              <![CDATA[Added Quantity and clicked for checkout]]>
            </line>
          </reporter-output>
        </test-method> <!-- checkoutItems -->
        <test-method signature="goBackToShopping()[pri:9, instance:centrepoint.flow.AppFlowTest@4e31276e]" started-at="2020-10-08T02:30:57Z" name="goBackToShopping" finished-at="2020-10-08T02:31:06Z" duration-ms="8745" status="PASS">
          <reporter-output>
            <line>
              <![CDATA[Closed checkout page and removed the item succesfully]]>
            </line>
            <line>
              <![CDATA[Clicked on Continue Shopping and redirected to Home Page succesfully]]>
            </line>
          </reporter-output>
        </test-method> <!-- goBackToShopping -->
      </class> <!-- centrepoint.flow.AppFlowTest -->
    </test> <!-- Default test -->
  </suite> <!-- Default suite -->
</testng-results>
